{"/Users/nastakukutina/Documents/workspace/classes-inheritance/src/js/app.js": {"path":"/Users/nastakukutina/Documents/workspace/classes-inheritance/src/js/app.js","statementMap":{"0":{"start":{"line":3,"column":4},"end":{"line":3,"column":21}},"1":{"start":{"line":4,"column":4},"end":{"line":4,"column":22}},"2":{"start":{"line":5,"column":4},"end":{"line":5,"column":19}},"3":{"start":{"line":9,"column":4},"end":{"line":16,"column":5}},"4":{"start":{"line":10,"column":6},"end":{"line":10,"column":22}},"5":{"start":{"line":11,"column":6},"end":{"line":11,"column":46}},"6":{"start":{"line":12,"column":6},"end":{"line":12,"column":48}},"7":{"start":{"line":13,"column":6},"end":{"line":13,"column":24}},"8":{"start":{"line":15,"column":6},"end":{"line":15,"column":66}},"9":{"start":{"line":22,"column":4},"end":{"line":22,"column":16}},"10":{"start":{"line":23,"column":4},"end":{"line":23,"column":21}},"11":{"start":{"line":24,"column":4},"end":{"line":24,"column":22}},"12":{"start":{"line":30,"column":4},"end":{"line":30,"column":16}},"13":{"start":{"line":31,"column":4},"end":{"line":31,"column":21}},"14":{"start":{"line":32,"column":4},"end":{"line":32,"column":22}},"15":{"start":{"line":38,"column":4},"end":{"line":38,"column":16}},"16":{"start":{"line":39,"column":4},"end":{"line":39,"column":21}},"17":{"start":{"line":40,"column":4},"end":{"line":40,"column":22}},"18":{"start":{"line":46,"column":4},"end":{"line":46,"column":16}},"19":{"start":{"line":47,"column":4},"end":{"line":47,"column":21}},"20":{"start":{"line":48,"column":4},"end":{"line":48,"column":22}},"21":{"start":{"line":54,"column":4},"end":{"line":54,"column":16}},"22":{"start":{"line":55,"column":4},"end":{"line":55,"column":21}},"23":{"start":{"line":56,"column":4},"end":{"line":56,"column":22}},"24":{"start":{"line":62,"column":4},"end":{"line":62,"column":16}},"25":{"start":{"line":63,"column":4},"end":{"line":63,"column":21}},"26":{"start":{"line":64,"column":4},"end":{"line":64,"column":22}}},"fnMap":{"0":{"name":"(anonymous_0)","decl":{"start":{"line":2,"column":2},"end":{"line":2,"column":3}},"loc":{"start":{"line":2,"column":20},"end":{"line":6,"column":3}},"line":2},"1":{"name":"(anonymous_1)","decl":{"start":{"line":8,"column":2},"end":{"line":8,"column":3}},"loc":{"start":{"line":8,"column":12},"end":{"line":17,"column":3}},"line":8},"2":{"name":"(anonymous_2)","decl":{"start":{"line":21,"column":2},"end":{"line":21,"column":3}},"loc":{"start":{"line":21,"column":20},"end":{"line":25,"column":3}},"line":21},"3":{"name":"(anonymous_3)","decl":{"start":{"line":29,"column":2},"end":{"line":29,"column":3}},"loc":{"start":{"line":29,"column":20},"end":{"line":33,"column":3}},"line":29},"4":{"name":"(anonymous_4)","decl":{"start":{"line":37,"column":2},"end":{"line":37,"column":3}},"loc":{"start":{"line":37,"column":20},"end":{"line":41,"column":3}},"line":37},"5":{"name":"(anonymous_5)","decl":{"start":{"line":45,"column":2},"end":{"line":45,"column":3}},"loc":{"start":{"line":45,"column":20},"end":{"line":49,"column":3}},"line":45},"6":{"name":"(anonymous_6)","decl":{"start":{"line":53,"column":2},"end":{"line":53,"column":3}},"loc":{"start":{"line":53,"column":20},"end":{"line":57,"column":3}},"line":53},"7":{"name":"(anonymous_7)","decl":{"start":{"line":61,"column":2},"end":{"line":61,"column":3}},"loc":{"start":{"line":61,"column":20},"end":{"line":65,"column":3}},"line":61}},"branchMap":{"0":{"loc":{"start":{"line":9,"column":4},"end":{"line":16,"column":5}},"type":"if","locations":[{"start":{"line":9,"column":4},"end":{"line":16,"column":5}},{"start":{"line":14,"column":11},"end":{"line":16,"column":5}}],"line":9}},"s":{"0":12,"1":12,"2":12,"3":12,"4":6,"5":6,"6":6,"7":6,"8":6,"9":2,"10":2,"11":2,"12":2,"13":2,"14":2,"15":2,"16":2,"17":2,"18":2,"19":2,"20":2,"21":2,"22":2,"23":2,"24":2,"25":2,"26":2},"f":{"0":12,"1":12,"2":2,"3":2,"4":2,"5":2,"6":2,"7":2},"b":{"0":[6,6]},"_coverageSchema":"1a1c01bbd47fc00a2c39e90264f33305004495a9","hash":"5692c0e8961f37faa8db4ad6b5634ec03a529a51"}
}
