TN:
SF:src/js/app.js
FN:2,(anonymous_0)
FN:8,(anonymous_1)
FN:21,(anonymous_2)
FN:29,(anonymous_3)
FN:37,(anonymous_4)
FN:45,(anonymous_5)
FN:53,(anonymous_6)
FN:61,(anonymous_7)
FNF:8
FNH:8
FNDA:12,(anonymous_0)
FNDA:12,(anonymous_1)
FNDA:2,(anonymous_2)
FNDA:2,(anonymous_3)
FNDA:2,(anonymous_4)
FNDA:2,(anonymous_5)
FNDA:2,(anonymous_6)
FNDA:2,(anonymous_7)
DA:3,12
DA:4,12
DA:5,12
DA:9,12
DA:10,6
DA:11,6
DA:12,6
DA:13,6
DA:15,6
DA:22,2
DA:23,2
DA:24,2
DA:30,2
DA:31,2
DA:32,2
DA:38,2
DA:39,2
DA:40,2
DA:46,2
DA:47,2
DA:48,2
DA:54,2
DA:55,2
DA:56,2
DA:62,2
DA:63,2
DA:64,2
LF:27
LH:27
BRDA:9,0,0,6
BRDA:9,0,1,6
BRF:2
BRH:2
end_of_record
